2025-10-30 10:57:13 [restartedMain] [INFO] com.example.demo.DemoApplication - Starting DemoApplication using Java 21.0.8 with PID 18768 (C:\VsCode\.vscode\java\demo\target\classes started by ASUS in C:\VsCode\.vscode\java\demo)
2025-10-30 10:57:13 [restartedMain] [DEBUG] com.example.demo.DemoApplication - Running with Spring Boot v3.5.7, Spring v6.2.12
2025-10-30 10:57:13 [restartedMain] [INFO] com.example.demo.DemoApplication - No active profile set, falling back to 1 default profile: "default"
2025-10-30 10:57:13 [restartedMain] [INFO] o.s.d.r.c.RepositoryConfigurationDelegate - Bootstrapping Spring Data JPA repositories in DEFAULT mode.
2025-10-30 10:57:13 [restartedMain] [INFO] o.s.d.r.c.RepositoryConfigurationDelegate - Finished Spring Data repository scanning in 26 ms. Found 5 JPA repository interfaces.
2025-10-30 10:57:13 [restartedMain] [INFO] o.s.b.w.e.tomcat.TomcatWebServer - Tomcat initialized with port 8080 (http)
2025-10-30 10:57:13 [restartedMain] [INFO] o.a.catalina.core.StandardService - Starting service [Tomcat]
2025-10-30 10:57:13 [restartedMain] [INFO] o.a.catalina.core.StandardEngine - Starting Servlet engine: [Apache Tomcat/10.1.48]
2025-10-30 10:57:13 [restartedMain] [INFO] o.a.c.c.C.[Tomcat-1].[localhost].[/] - Initializing Spring embedded WebApplicationContext
2025-10-30 10:57:13 [restartedMain] [INFO] o.s.b.w.s.c.ServletWebServerApplicationContext - Root WebApplicationContext: initialization completed in 414 ms
2025-10-30 10:57:13 [restartedMain] [INFO] o.h.jpa.internal.util.LogHelper - HHH000204: Processing PersistenceUnitInfo [name: default]
2025-10-30 10:57:13 [restartedMain] [INFO] o.h.c.i.RegionFactoryInitiator - HHH000026: Second-level cache disabled
2025-10-30 10:57:13 [restartedMain] [INFO] o.s.o.j.p.SpringPersistenceUnitInfo - No LoadTimeWeaver setup: ignoring JPA class transformer
2025-10-30 10:57:13 [restartedMain] [INFO] com.zaxxer.hikari.HikariDataSource - HikariPool-39 - Starting...
2025-10-30 10:57:13 [restartedMain] [INFO] com.zaxxer.hikari.pool.HikariPool - HikariPool-39 - Added connection com.mysql.cj.jdbc.ConnectionImpl@50e886f6
2025-10-30 10:57:13 [restartedMain] [INFO] com.zaxxer.hikari.HikariDataSource - HikariPool-39 - Start completed.
2025-10-30 10:57:13 [restartedMain] [WARN] org.hibernate.dialect.Dialect - HHH000511: The 5.5.5 version for [org.hibernate.dialect.MySQLDialect] is no longer supported, hence certain features may not work properly. The minimum supported version is 8.0.0. Check the community dialects project for available legacy versions.
2025-10-30 10:57:13 [restartedMain] [INFO] o.hibernate.orm.connections.pooling - HHH10001005: Database info:
	Database JDBC URL [Connecting through datasource 'HikariDataSource (HikariPool-39)']
	Database driver: undefined/unknown
	Database version: 5.5.5
	Autocommit mode: undefined/unknown
	Isolation level: undefined/unknown
	Minimum pool size: undefined/unknown
	Maximum pool size: undefined/unknown
2025-10-30 10:57:14 [restartedMain] [INFO] o.h.e.t.j.p.i.JtaPlatformInitiator - HHH000489: No JTA platform available (set 'hibernate.transaction.jta.platform' to enable JTA platform integration)
2025-10-30 10:57:14 [restartedMain] [INFO] o.s.o.j.LocalContainerEntityManagerFactoryBean - Initialized JPA EntityManagerFactory for persistence unit 'default'
2025-10-30 10:57:14 [restartedMain] [WARN] o.s.b.a.o.j.JpaBaseConfiguration$JpaWebConfiguration - spring.jpa.open-in-view is enabled by default. Therefore, database queries may be performed during view rendering. Explicitly configure spring.jpa.open-in-view to disable this warning
2025-10-30 10:57:14 [restartedMain] [INFO] o.s.s.c.a.a.c.InitializeUserDetailsBeanManagerConfigurer$InitializeUserDetailsManagerConfigurer - Global AuthenticationManager configured with UserDetailsService bean with name userDetailsService
2025-10-30 10:57:14 [restartedMain] [INFO] o.s.b.d.a.OptionalLiveReloadServer - LiveReload server is running on port 35729
2025-10-30 10:57:14 [restartedMain] [INFO] o.s.b.w.e.tomcat.TomcatWebServer - Tomcat started on port 8080 (http) with context path '/'
2025-10-30 10:57:14 [restartedMain] [INFO] com.example.demo.DemoApplication - Started DemoApplication in 1.374 seconds (process running for 7119.921)
2025-10-30 10:57:14 [restartedMain] [INFO] o.s.b.d.a.ConditionEvaluationDeltaLoggingListener - Condition evaluation unchanged
2025-10-30 10:59:51 [http-nio-8080-exec-1] [INFO] o.a.c.c.C.[Tomcat-1].[localhost].[/] - Initializing Spring DispatcherServlet 'dispatcherServlet'
2025-10-30 10:59:51 [http-nio-8080-exec-1] [INFO] o.s.web.servlet.DispatcherServlet - Initializing Servlet 'dispatcherServlet'
2025-10-30 10:59:51 [http-nio-8080-exec-1] [INFO] o.s.web.servlet.DispatcherServlet - Completed initialization in 3 ms
2025-10-30 10:59:52 [http-nio-8080-exec-1] [WARN] o.t.s.p.AbstractStandardFragmentInsertionTagProcessor - [THYMELEAF][http-nio-8080-exec-1][Admin/addproduct] Deprecated unwrapped fragment expression "Admin/header :: Header" found in template Admin/addproduct, line 13, col 10. Please use the complete syntax of fragment expressions instead ("~{Admin/header :: Header}"). The old, unwrapped syntax for fragment expressions will be removed in future versions of Thymeleaf.
2025-10-30 10:59:52 [http-nio-8080-exec-1] [WARN] o.t.s.p.AbstractStandardFragmentInsertionTagProcessor - [THYMELEAF][http-nio-8080-exec-1][Admin/addproduct] Deprecated unwrapped fragment expression "Admin/sidebar :: sideBar" found in template Admin/addproduct, line 14, col 10. Please use the complete syntax of fragment expressions instead ("~{Admin/sidebar :: sideBar}"). The old, unwrapped syntax for fragment expressions will be removed in future versions of Thymeleaf.
2025-10-30 10:59:52 [http-nio-8080-exec-1] [WARN] o.t.s.p.AbstractStandardFragmentInsertionTagProcessor - [THYMELEAF][http-nio-8080-exec-1][Admin/addproduct] Deprecated unwrapped fragment expression "Admin/footer :: Footer" found in template Admin/addproduct, line 189, col 10. Please use the complete syntax of fragment expressions instead ("~{Admin/footer :: Footer}"). The old, unwrapped syntax for fragment expressions will be removed in future versions of Thymeleaf.
2025-10-30 11:00:05 [http-nio-8080-exec-7] [WARN] o.s.w.s.m.s.DefaultHandlerExceptionResolver - Resolved [org.springframework.web.multipart.MaxUploadSizeExceededException: Maximum upload size exceeded]
2025-10-30 11:11:28 [http-nio-8080-exec-2] [WARN] o.t.s.p.AbstractStandardFragmentInsertionTagProcessor - [THYMELEAF][http-nio-8080-exec-2][Admin/addproduct] Deprecated unwrapped fragment expression "Admin/header :: Header" found in template Admin/addproduct, line 13, col 10. Please use the complete syntax of fragment expressions instead ("~{Admin/header :: Header}"). The old, unwrapped syntax for fragment expressions will be removed in future versions of Thymeleaf.
2025-10-30 11:11:28 [http-nio-8080-exec-2] [WARN] o.t.s.p.AbstractStandardFragmentInsertionTagProcessor - [THYMELEAF][http-nio-8080-exec-2][Admin/addproduct] Deprecated unwrapped fragment expression "Admin/sidebar :: sideBar" found in template Admin/addproduct, line 14, col 10. Please use the complete syntax of fragment expressions instead ("~{Admin/sidebar :: sideBar}"). The old, unwrapped syntax for fragment expressions will be removed in future versions of Thymeleaf.
2025-10-30 11:11:28 [http-nio-8080-exec-2] [WARN] o.t.s.p.AbstractStandardFragmentInsertionTagProcessor - [THYMELEAF][http-nio-8080-exec-2][Admin/addproduct] Deprecated unwrapped fragment expression "Admin/footer :: Footer" found in template Admin/addproduct, line 189, col 10. Please use the complete syntax of fragment expressions instead ("~{Admin/footer :: Footer}"). The old, unwrapped syntax for fragment expressions will be removed in future versions of Thymeleaf.
2025-10-30 11:13:45 [File Watcher] [INFO] o.s.b.d.a.LocalDevToolsAutoConfiguration$RestartingClassPathChangeChangedEventListener - Restarting due to 2 class path changes (0 additions, 0 deletions, 2 modifications)
2025-10-30 11:13:45 [Thread-154] [INFO] o.s.b.w.e.tomcat.GracefulShutdown - Commencing graceful shutdown. Waiting for active requests to complete
2025-10-30 11:13:45 [tomcat-shutdown] [INFO] o.s.b.w.e.tomcat.GracefulShutdown - Graceful shutdown complete
2025-10-30 11:13:45 [Thread-154] [INFO] o.s.o.j.LocalContainerEntityManagerFactoryBean - Closing JPA EntityManagerFactory for persistence unit 'default'
2025-10-30 11:13:45 [Thread-154] [INFO] com.zaxxer.hikari.HikariDataSource - HikariPool-39 - Shutdown initiated...
2025-10-30 11:13:45 [Thread-154] [INFO] com.zaxxer.hikari.HikariDataSource - HikariPool-39 - Shutdown completed.
2025-10-30 11:13:45 [restartedMain] [INFO] com.example.demo.DemoApplication - Starting DemoApplication using Java 21.0.8 with PID 18768 (C:\VsCode\.vscode\java\demo\target\classes started by ASUS in C:\VsCode\.vscode\java\demo)
2025-10-30 11:13:45 [restartedMain] [DEBUG] com.example.demo.DemoApplication - Running with Spring Boot v3.5.7, Spring v6.2.12
2025-10-30 11:13:45 [restartedMain] [INFO] com.example.demo.DemoApplication - No active profile set, falling back to 1 default profile: "default"
2025-10-30 11:13:46 [restartedMain] [INFO] o.s.d.r.c.RepositoryConfigurationDelegate - Bootstrapping Spring Data JPA repositories in DEFAULT mode.
2025-10-30 11:13:46 [restartedMain] [INFO] o.s.d.r.c.RepositoryConfigurationDelegate - Finished Spring Data repository scanning in 27 ms. Found 5 JPA repository interfaces.
2025-10-30 11:13:46 [restartedMain] [INFO] o.s.b.w.e.tomcat.TomcatWebServer - Tomcat initialized with port 8080 (http)
2025-10-30 11:13:46 [restartedMain] [INFO] o.a.catalina.core.StandardService - Starting service [Tomcat]
2025-10-30 11:13:46 [restartedMain] [INFO] o.a.catalina.core.StandardEngine - Starting Servlet engine: [Apache Tomcat/10.1.48]
2025-10-30 11:13:46 [restartedMain] [INFO] o.a.c.c.C.[Tomcat-1].[localhost].[/] - Initializing Spring embedded WebApplicationContext
2025-10-30 11:13:46 [restartedMain] [INFO] o.s.b.w.s.c.ServletWebServerApplicationContext - Root WebApplicationContext: initialization completed in 559 ms
2025-10-30 11:13:46 [restartedMain] [INFO] o.h.jpa.internal.util.LogHelper - HHH000204: Processing PersistenceUnitInfo [name: default]
2025-10-30 11:13:46 [restartedMain] [INFO] o.h.c.i.RegionFactoryInitiator - HHH000026: Second-level cache disabled
2025-10-30 11:13:46 [restartedMain] [INFO] o.s.o.j.p.SpringPersistenceUnitInfo - No LoadTimeWeaver setup: ignoring JPA class transformer
2025-10-30 11:13:46 [restartedMain] [INFO] com.zaxxer.hikari.HikariDataSource - HikariPool-40 - Starting...
2025-10-30 11:13:46 [restartedMain] [INFO] com.zaxxer.hikari.pool.HikariPool - HikariPool-40 - Added connection com.mysql.cj.jdbc.ConnectionImpl@4d0f052
2025-10-30 11:13:46 [restartedMain] [INFO] com.zaxxer.hikari.HikariDataSource - HikariPool-40 - Start completed.
2025-10-30 11:13:46 [restartedMain] [WARN] org.hibernate.dialect.Dialect - HHH000511: The 5.5.5 version for [org.hibernate.dialect.MySQLDialect] is no longer supported, hence certain features may not work properly. The minimum supported version is 8.0.0. Check the community dialects project for available legacy versions.
2025-10-30 11:13:46 [restartedMain] [INFO] o.hibernate.orm.connections.pooling - HHH10001005: Database info:
	Database JDBC URL [Connecting through datasource 'HikariDataSource (HikariPool-40)']
	Database driver: undefined/unknown
	Database version: 5.5.5
	Autocommit mode: undefined/unknown
	Isolation level: undefined/unknown
	Minimum pool size: undefined/unknown
	Maximum pool size: undefined/unknown
2025-10-30 11:13:46 [restartedMain] [INFO] o.h.e.t.j.p.i.JtaPlatformInitiator - HHH000489: No JTA platform available (set 'hibernate.transaction.jta.platform' to enable JTA platform integration)
2025-10-30 11:13:46 [restartedMain] [INFO] o.s.o.j.LocalContainerEntityManagerFactoryBean - Initialized JPA EntityManagerFactory for persistence unit 'default'
2025-10-30 11:13:46 [restartedMain] [WARN] o.s.b.a.o.j.JpaBaseConfiguration$JpaWebConfiguration - spring.jpa.open-in-view is enabled by default. Therefore, database queries may be performed during view rendering. Explicitly configure spring.jpa.open-in-view to disable this warning
2025-10-30 11:13:46 [restartedMain] [INFO] o.s.s.c.a.a.c.InitializeUserDetailsBeanManagerConfigurer$InitializeUserDetailsManagerConfigurer - Global AuthenticationManager configured with UserDetailsService bean with name userDetailsService
2025-10-30 11:13:46 [restartedMain] [INFO] o.s.b.d.a.OptionalLiveReloadServer - LiveReload server is running on port 35729
2025-10-30 11:13:46 [restartedMain] [INFO] o.s.b.w.e.tomcat.TomcatWebServer - Tomcat started on port 8080 (http) with context path '/'
2025-10-30 11:13:46 [restartedMain] [INFO] com.example.demo.DemoApplication - Started DemoApplication in 1.313 seconds (process running for 8112.144)
2025-10-30 11:13:46 [restartedMain] [INFO] o.s.b.d.a.ConditionEvaluationDeltaLoggingListener - Condition evaluation unchanged
2025-10-30 11:14:42 [File Watcher] [INFO] o.s.b.d.a.LocalDevToolsAutoConfiguration$RestartingClassPathChangeChangedEventListener - Restarting due to 1 class path change (0 additions, 0 deletions, 1 modification)
2025-10-30 11:14:42 [Thread-158] [INFO] o.s.b.w.e.tomcat.GracefulShutdown - Commencing graceful shutdown. Waiting for active requests to complete
2025-10-30 11:14:42 [tomcat-shutdown] [INFO] o.s.b.w.e.tomcat.GracefulShutdown - Graceful shutdown complete
2025-10-30 11:14:42 [Thread-158] [INFO] o.s.o.j.LocalContainerEntityManagerFactoryBean - Closing JPA EntityManagerFactory for persistence unit 'default'
2025-10-30 11:14:42 [Thread-158] [INFO] com.zaxxer.hikari.HikariDataSource - HikariPool-40 - Shutdown initiated...
2025-10-30 11:14:42 [Thread-158] [INFO] com.zaxxer.hikari.HikariDataSource - HikariPool-40 - Shutdown completed.
2025-10-30 11:14:42 [restartedMain] [INFO] com.example.demo.DemoApplication - Starting DemoApplication using Java 21.0.8 with PID 18768 (C:\VsCode\.vscode\java\demo\target\classes started by ASUS in C:\VsCode\.vscode\java\demo)
2025-10-30 11:14:42 [restartedMain] [DEBUG] com.example.demo.DemoApplication - Running with Spring Boot v3.5.7, Spring v6.2.12
2025-10-30 11:14:42 [restartedMain] [INFO] com.example.demo.DemoApplication - No active profile set, falling back to 1 default profile: "default"
2025-10-30 11:14:43 [restartedMain] [INFO] o.s.d.r.c.RepositoryConfigurationDelegate - Bootstrapping Spring Data JPA repositories in DEFAULT mode.
2025-10-30 11:14:43 [restartedMain] [INFO] o.s.d.r.c.RepositoryConfigurationDelegate - Finished Spring Data repository scanning in 19 ms. Found 5 JPA repository interfaces.
2025-10-30 11:14:43 [restartedMain] [INFO] o.s.b.w.e.tomcat.TomcatWebServer - Tomcat initialized with port 8080 (http)
2025-10-30 11:14:43 [restartedMain] [INFO] o.a.catalina.core.StandardService - Starting service [Tomcat]
2025-10-30 11:14:43 [restartedMain] [INFO] o.a.catalina.core.StandardEngine - Starting Servlet engine: [Apache Tomcat/10.1.48]
2025-10-30 11:14:43 [restartedMain] [INFO] o.a.c.c.C.[Tomcat-1].[localhost].[/] - Initializing Spring embedded WebApplicationContext
2025-10-30 11:14:43 [restartedMain] [INFO] o.s.b.w.s.c.ServletWebServerApplicationContext - Root WebApplicationContext: initialization completed in 324 ms
2025-10-30 11:14:43 [restartedMain] [INFO] o.h.jpa.internal.util.LogHelper - HHH000204: Processing PersistenceUnitInfo [name: default]
2025-10-30 11:14:43 [restartedMain] [INFO] o.h.c.i.RegionFactoryInitiator - HHH000026: Second-level cache disabled
2025-10-30 11:14:43 [restartedMain] [INFO] o.s.o.j.p.SpringPersistenceUnitInfo - No LoadTimeWeaver setup: ignoring JPA class transformer
2025-10-30 11:14:43 [restartedMain] [INFO] com.zaxxer.hikari.HikariDataSource - HikariPool-41 - Starting...
2025-10-30 11:14:43 [restartedMain] [INFO] com.zaxxer.hikari.pool.HikariPool - HikariPool-41 - Added connection com.mysql.cj.jdbc.ConnectionImpl@2fb6eb28
2025-10-30 11:14:43 [restartedMain] [INFO] com.zaxxer.hikari.HikariDataSource - HikariPool-41 - Start completed.
2025-10-30 11:14:43 [restartedMain] [WARN] org.hibernate.dialect.Dialect - HHH000511: The 5.5.5 version for [org.hibernate.dialect.MySQLDialect] is no longer supported, hence certain features may not work properly. The minimum supported version is 8.0.0. Check the community dialects project for available legacy versions.
2025-10-30 11:14:43 [restartedMain] [INFO] o.hibernate.orm.connections.pooling - HHH10001005: Database info:
	Database JDBC URL [Connecting through datasource 'HikariDataSource (HikariPool-41)']
	Database driver: undefined/unknown
	Database version: 5.5.5
	Autocommit mode: undefined/unknown
	Isolation level: undefined/unknown
	Minimum pool size: undefined/unknown
	Maximum pool size: undefined/unknown
2025-10-30 11:14:43 [restartedMain] [INFO] o.h.e.t.j.p.i.JtaPlatformInitiator - HHH000489: No JTA platform available (set 'hibernate.transaction.jta.platform' to enable JTA platform integration)
2025-10-30 11:14:43 [restartedMain] [INFO] o.s.o.j.LocalContainerEntityManagerFactoryBean - Initialized JPA EntityManagerFactory for persistence unit 'default'
2025-10-30 11:14:43 [restartedMain] [WARN] o.s.b.a.o.j.JpaBaseConfiguration$JpaWebConfiguration - spring.jpa.open-in-view is enabled by default. Therefore, database queries may be performed during view rendering. Explicitly configure spring.jpa.open-in-view to disable this warning
2025-10-30 11:14:43 [restartedMain] [INFO] o.s.s.c.a.a.c.InitializeUserDetailsBeanManagerConfigurer$InitializeUserDetailsManagerConfigurer - Global AuthenticationManager configured with UserDetailsService bean with name userDetailsService
2025-10-30 11:14:43 [restartedMain] [INFO] o.s.b.d.a.OptionalLiveReloadServer - LiveReload server is running on port 35729
2025-10-30 11:14:43 [restartedMain] [INFO] o.s.b.w.e.tomcat.TomcatWebServer - Tomcat started on port 8080 (http) with context path '/'
2025-10-30 11:14:43 [restartedMain] [INFO] com.example.demo.DemoApplication - Started DemoApplication in 1.06 seconds (process running for 8169.086)
2025-10-30 11:14:43 [restartedMain] [INFO] o.s.b.d.a.ConditionEvaluationDeltaLoggingListener - Condition evaluation unchanged
2025-10-30 11:14:55 [File Watcher] [INFO] o.s.b.d.a.LocalDevToolsAutoConfiguration$RestartingClassPathChangeChangedEventListener - Restarting due to 1 class path change (0 additions, 0 deletions, 1 modification)
2025-10-30 11:14:55 [Thread-162] [INFO] o.s.b.w.e.tomcat.GracefulShutdown - Commencing graceful shutdown. Waiting for active requests to complete
2025-10-30 11:14:55 [tomcat-shutdown] [INFO] o.s.b.w.e.tomcat.GracefulShutdown - Graceful shutdown complete
2025-10-30 11:14:55 [Thread-162] [INFO] o.s.o.j.LocalContainerEntityManagerFactoryBean - Closing JPA EntityManagerFactory for persistence unit 'default'
2025-10-30 11:14:55 [Thread-162] [INFO] com.zaxxer.hikari.HikariDataSource - HikariPool-41 - Shutdown initiated...
2025-10-30 11:14:55 [Thread-162] [INFO] com.zaxxer.hikari.HikariDataSource - HikariPool-41 - Shutdown completed.
2025-10-30 11:14:55 [restartedMain] [INFO] com.example.demo.DemoApplication - Starting DemoApplication using Java 21.0.8 with PID 18768 (C:\VsCode\.vscode\java\demo\target\classes started by ASUS in C:\VsCode\.vscode\java\demo)
2025-10-30 11:14:55 [restartedMain] [DEBUG] com.example.demo.DemoApplication - Running with Spring Boot v3.5.7, Spring v6.2.12
2025-10-30 11:14:55 [restartedMain] [INFO] com.example.demo.DemoApplication - No active profile set, falling back to 1 default profile: "default"
2025-10-30 11:14:55 [restartedMain] [INFO] o.s.d.r.c.RepositoryConfigurationDelegate - Bootstrapping Spring Data JPA repositories in DEFAULT mode.
2025-10-30 11:14:55 [restartedMain] [INFO] o.s.d.r.c.RepositoryConfigurationDelegate - Finished Spring Data repository scanning in 13 ms. Found 5 JPA repository interfaces.
2025-10-30 11:14:55 [restartedMain] [INFO] o.s.b.w.e.tomcat.TomcatWebServer - Tomcat initialized with port 8080 (http)
2025-10-30 11:14:55 [restartedMain] [INFO] o.a.catalina.core.StandardService - Starting service [Tomcat]
2025-10-30 11:14:55 [restartedMain] [INFO] o.a.catalina.core.StandardEngine - Starting Servlet engine: [Apache Tomcat/10.1.48]
2025-10-30 11:14:55 [restartedMain] [INFO] o.a.c.c.C.[Tomcat-1].[localhost].[/] - Initializing Spring embedded WebApplicationContext
2025-10-30 11:14:55 [restartedMain] [INFO] o.s.b.w.s.c.ServletWebServerApplicationContext - Root WebApplicationContext: initialization completed in 203 ms
2025-10-30 11:14:55 [restartedMain] [INFO] o.h.jpa.internal.util.LogHelper - HHH000204: Processing PersistenceUnitInfo [name: default]
2025-10-30 11:14:55 [restartedMain] [INFO] o.h.c.i.RegionFactoryInitiator - HHH000026: Second-level cache disabled
2025-10-30 11:14:55 [restartedMain] [INFO] o.s.o.j.p.SpringPersistenceUnitInfo - No LoadTimeWeaver setup: ignoring JPA class transformer
2025-10-30 11:14:55 [restartedMain] [INFO] com.zaxxer.hikari.HikariDataSource - HikariPool-42 - Starting...
2025-10-30 11:14:55 [restartedMain] [INFO] com.zaxxer.hikari.pool.HikariPool - HikariPool-42 - Added connection com.mysql.cj.jdbc.ConnectionImpl@19f2844f
2025-10-30 11:14:55 [restartedMain] [INFO] com.zaxxer.hikari.HikariDataSource - HikariPool-42 - Start completed.
2025-10-30 11:14:55 [restartedMain] [WARN] org.hibernate.dialect.Dialect - HHH000511: The 5.5.5 version for [org.hibernate.dialect.MySQLDialect] is no longer supported, hence certain features may not work properly. The minimum supported version is 8.0.0. Check the community dialects project for available legacy versions.
2025-10-30 11:14:55 [restartedMain] [INFO] o.hibernate.orm.connections.pooling - HHH10001005: Database info:
	Database JDBC URL [Connecting through datasource 'HikariDataSource (HikariPool-42)']
	Database driver: undefined/unknown
	Database version: 5.5.5
	Autocommit mode: undefined/unknown
	Isolation level: undefined/unknown
	Minimum pool size: undefined/unknown
	Maximum pool size: undefined/unknown
2025-10-30 11:14:56 [restartedMain] [INFO] o.h.e.t.j.p.i.JtaPlatformInitiator - HHH000489: No JTA platform available (set 'hibernate.transaction.jta.platform' to enable JTA platform integration)
2025-10-30 11:14:56 [restartedMain] [INFO] o.s.o.j.LocalContainerEntityManagerFactoryBean - Initialized JPA EntityManagerFactory for persistence unit 'default'
2025-10-30 11:14:56 [restartedMain] [WARN] o.s.b.a.o.j.JpaBaseConfiguration$JpaWebConfiguration - spring.jpa.open-in-view is enabled by default. Therefore, database queries may be performed during view rendering. Explicitly configure spring.jpa.open-in-view to disable this warning
2025-10-30 11:14:56 [restartedMain] [INFO] o.s.s.c.a.a.c.InitializeUserDetailsBeanManagerConfigurer$InitializeUserDetailsManagerConfigurer - Global AuthenticationManager configured with UserDetailsService bean with name userDetailsService
2025-10-30 11:14:56 [restartedMain] [INFO] o.s.b.d.a.OptionalLiveReloadServer - LiveReload server is running on port 35729
2025-10-30 11:14:56 [restartedMain] [INFO] o.s.b.w.e.tomcat.TomcatWebServer - Tomcat started on port 8080 (http) with context path '/'
2025-10-30 11:14:56 [restartedMain] [INFO] com.example.demo.DemoApplication - Started DemoApplication in 0.63 seconds (process running for 8181.509)
2025-10-30 11:14:56 [restartedMain] [INFO] o.s.b.d.a.ConditionEvaluationDeltaLoggingListener - Condition evaluation unchanged
2025-10-30 11:15:57 [File Watcher] [INFO] o.s.b.d.a.LocalDevToolsAutoConfiguration$RestartingClassPathChangeChangedEventListener - Restarting due to 1 class path change (0 additions, 0 deletions, 1 modification)
2025-10-30 11:15:57 [Thread-166] [INFO] o.s.b.w.e.tomcat.GracefulShutdown - Commencing graceful shutdown. Waiting for active requests to complete
2025-10-30 11:15:57 [tomcat-shutdown] [INFO] o.s.b.w.e.tomcat.GracefulShutdown - Graceful shutdown complete
2025-10-30 11:15:57 [Thread-166] [INFO] o.s.o.j.LocalContainerEntityManagerFactoryBean - Closing JPA EntityManagerFactory for persistence unit 'default'
2025-10-30 11:15:57 [Thread-166] [INFO] com.zaxxer.hikari.HikariDataSource - HikariPool-42 - Shutdown initiated...
2025-10-30 11:15:57 [Thread-166] [INFO] com.zaxxer.hikari.HikariDataSource - HikariPool-42 - Shutdown completed.
2025-10-30 11:15:57 [restartedMain] [INFO] com.example.demo.DemoApplication - Starting DemoApplication using Java 21.0.8 with PID 18768 (C:\VsCode\.vscode\java\demo\target\classes started by ASUS in C:\VsCode\.vscode\java\demo)
2025-10-30 11:15:57 [restartedMain] [DEBUG] com.example.demo.DemoApplication - Running with Spring Boot v3.5.7, Spring v6.2.12
2025-10-30 11:15:57 [restartedMain] [INFO] com.example.demo.DemoApplication - No active profile set, falling back to 1 default profile: "default"
2025-10-30 11:15:57 [restartedMain] [INFO] o.s.d.r.c.RepositoryConfigurationDelegate - Bootstrapping Spring Data JPA repositories in DEFAULT mode.
2025-10-30 11:15:57 [restartedMain] [INFO] o.s.d.r.c.RepositoryConfigurationDelegate - Finished Spring Data repository scanning in 16 ms. Found 5 JPA repository interfaces.
2025-10-30 11:15:57 [restartedMain] [INFO] o.s.b.w.e.tomcat.TomcatWebServer - Tomcat initialized with port 8080 (http)
2025-10-30 11:15:57 [restartedMain] [INFO] o.a.catalina.core.StandardService - Starting service [Tomcat]
2025-10-30 11:15:57 [restartedMain] [INFO] o.a.catalina.core.StandardEngine - Starting Servlet engine: [Apache Tomcat/10.1.48]
2025-10-30 11:15:57 [restartedMain] [INFO] o.a.c.c.C.[Tomcat-1].[localhost].[/] - Initializing Spring embedded WebApplicationContext
2025-10-30 11:15:57 [restartedMain] [INFO] o.s.b.w.s.c.ServletWebServerApplicationContext - Root WebApplicationContext: initialization completed in 440 ms
2025-10-30 11:15:57 [restartedMain] [INFO] o.h.jpa.internal.util.LogHelper - HHH000204: Processing PersistenceUnitInfo [name: default]
2025-10-30 11:15:57 [restartedMain] [INFO] o.h.c.i.RegionFactoryInitiator - HHH000026: Second-level cache disabled
2025-10-30 11:15:57 [restartedMain] [INFO] o.s.o.j.p.SpringPersistenceUnitInfo - No LoadTimeWeaver setup: ignoring JPA class transformer
2025-10-30 11:15:57 [restartedMain] [INFO] com.zaxxer.hikari.HikariDataSource - HikariPool-43 - Starting...
2025-10-30 11:15:57 [restartedMain] [INFO] com.zaxxer.hikari.pool.HikariPool - HikariPool-43 - Added connection com.mysql.cj.jdbc.ConnectionImpl@3c390869
2025-10-30 11:15:57 [restartedMain] [INFO] com.zaxxer.hikari.HikariDataSource - HikariPool-43 - Start completed.
2025-10-30 11:15:57 [restartedMain] [WARN] org.hibernate.dialect.Dialect - HHH000511: The 5.5.5 version for [org.hibernate.dialect.MySQLDialect] is no longer supported, hence certain features may not work properly. The minimum supported version is 8.0.0. Check the community dialects project for available legacy versions.
2025-10-30 11:15:57 [restartedMain] [INFO] o.hibernate.orm.connections.pooling - HHH10001005: Database info:
	Database JDBC URL [Connecting through datasource 'HikariDataSource (HikariPool-43)']
	Database driver: undefined/unknown
	Database version: 5.5.5
	Autocommit mode: undefined/unknown
	Isolation level: undefined/unknown
	Minimum pool size: undefined/unknown
	Maximum pool size: undefined/unknown
2025-10-30 11:15:57 [restartedMain] [INFO] o.h.e.t.j.p.i.JtaPlatformInitiator - HHH000489: No JTA platform available (set 'hibernate.transaction.jta.platform' to enable JTA platform integration)
2025-10-30 11:15:58 [restartedMain] [INFO] o.s.o.j.LocalContainerEntityManagerFactoryBean - Initialized JPA EntityManagerFactory for persistence unit 'default'
2025-10-30 11:15:58 [restartedMain] [WARN] o.s.b.a.o.j.JpaBaseConfiguration$JpaWebConfiguration - spring.jpa.open-in-view is enabled by default. Therefore, database queries may be performed during view rendering. Explicitly configure spring.jpa.open-in-view to disable this warning
2025-10-30 11:15:58 [restartedMain] [INFO] o.s.s.c.a.a.c.InitializeUserDetailsBeanManagerConfigurer$InitializeUserDetailsManagerConfigurer - Global AuthenticationManager configured with UserDetailsService bean with name userDetailsService
2025-10-30 11:15:58 [restartedMain] [INFO] o.s.b.d.a.OptionalLiveReloadServer - LiveReload server is running on port 35729
2025-10-30 11:15:58 [restartedMain] [INFO] o.s.b.w.e.tomcat.TomcatWebServer - Tomcat started on port 8080 (http) with context path '/'
2025-10-30 11:15:58 [restartedMain] [INFO] com.example.demo.DemoApplication - Started DemoApplication in 0.956 seconds (process running for 8243.413)
2025-10-30 11:15:58 [restartedMain] [INFO] o.s.b.d.a.ConditionEvaluationDeltaLoggingListener - Condition evaluation unchanged
2025-10-30 11:16:06 [File Watcher] [INFO] o.s.b.d.a.LocalDevToolsAutoConfiguration$RestartingClassPathChangeChangedEventListener - Restarting due to 1 class path change (0 additions, 0 deletions, 1 modification)
2025-10-30 11:16:06 [Thread-170] [INFO] o.s.b.w.e.tomcat.GracefulShutdown - Commencing graceful shutdown. Waiting for active requests to complete
2025-10-30 11:16:06 [tomcat-shutdown] [INFO] o.s.b.w.e.tomcat.GracefulShutdown - Graceful shutdown complete
2025-10-30 11:16:06 [Thread-170] [INFO] o.s.o.j.LocalContainerEntityManagerFactoryBean - Closing JPA EntityManagerFactory for persistence unit 'default'
2025-10-30 11:16:06 [Thread-170] [INFO] com.zaxxer.hikari.HikariDataSource - HikariPool-43 - Shutdown initiated...
2025-10-30 11:16:06 [Thread-170] [INFO] com.zaxxer.hikari.HikariDataSource - HikariPool-43 - Shutdown completed.
2025-10-30 11:16:06 [restartedMain] [INFO] com.example.demo.DemoApplication - Starting DemoApplication using Java 21.0.8 with PID 18768 (C:\VsCode\.vscode\java\demo\target\classes started by ASUS in C:\VsCode\.vscode\java\demo)
2025-10-30 11:16:06 [restartedMain] [DEBUG] com.example.demo.DemoApplication - Running with Spring Boot v3.5.7, Spring v6.2.12
2025-10-30 11:16:06 [restartedMain] [INFO] com.example.demo.DemoApplication - No active profile set, falling back to 1 default profile: "default"
2025-10-30 11:16:07 [restartedMain] [INFO] o.s.d.r.c.RepositoryConfigurationDelegate - Bootstrapping Spring Data JPA repositories in DEFAULT mode.
2025-10-30 11:16:07 [restartedMain] [INFO] o.s.d.r.c.RepositoryConfigurationDelegate - Finished Spring Data repository scanning in 12 ms. Found 5 JPA repository interfaces.
2025-10-30 11:16:07 [restartedMain] [INFO] o.s.b.w.e.tomcat.TomcatWebServer - Tomcat initialized with port 8080 (http)
2025-10-30 11:16:07 [restartedMain] [INFO] o.a.catalina.core.StandardService - Starting service [Tomcat]
2025-10-30 11:16:07 [restartedMain] [INFO] o.a.catalina.core.StandardEngine - Starting Servlet engine: [Apache Tomcat/10.1.48]
2025-10-30 11:16:07 [restartedMain] [INFO] o.a.c.c.C.[Tomcat-1].[localhost].[/] - Initializing Spring embedded WebApplicationContext
2025-10-30 11:16:07 [restartedMain] [INFO] o.s.b.w.s.c.ServletWebServerApplicationContext - Root WebApplicationContext: initialization completed in 331 ms
2025-10-30 11:16:07 [restartedMain] [INFO] o.h.jpa.internal.util.LogHelper - HHH000204: Processing PersistenceUnitInfo [name: default]
2025-10-30 11:16:07 [restartedMain] [INFO] o.h.c.i.RegionFactoryInitiator - HHH000026: Second-level cache disabled
2025-10-30 11:16:07 [restartedMain] [INFO] o.s.o.j.p.SpringPersistenceUnitInfo - No LoadTimeWeaver setup: ignoring JPA class transformer
2025-10-30 11:16:07 [restartedMain] [INFO] com.zaxxer.hikari.HikariDataSource - HikariPool-44 - Starting...
2025-10-30 11:16:07 [restartedMain] [INFO] com.zaxxer.hikari.pool.HikariPool - HikariPool-44 - Added connection com.mysql.cj.jdbc.ConnectionImpl@1d792cba
2025-10-30 11:16:07 [restartedMain] [INFO] com.zaxxer.hikari.HikariDataSource - HikariPool-44 - Start completed.
2025-10-30 11:16:07 [restartedMain] [WARN] org.hibernate.dialect.Dialect - HHH000511: The 5.5.5 version for [org.hibernate.dialect.MySQLDialect] is no longer supported, hence certain features may not work properly. The minimum supported version is 8.0.0. Check the community dialects project for available legacy versions.
2025-10-30 11:16:07 [restartedMain] [INFO] o.hibernate.orm.connections.pooling - HHH10001005: Database info:
	Database JDBC URL [Connecting through datasource 'HikariDataSource (HikariPool-44)']
	Database driver: undefined/unknown
	Database version: 5.5.5
	Autocommit mode: undefined/unknown
	Isolation level: undefined/unknown
	Minimum pool size: undefined/unknown
	Maximum pool size: undefined/unknown
2025-10-30 11:16:07 [restartedMain] [INFO] o.h.e.t.j.p.i.JtaPlatformInitiator - HHH000489: No JTA platform available (set 'hibernate.transaction.jta.platform' to enable JTA platform integration)
2025-10-30 11:16:07 [restartedMain] [INFO] o.s.o.j.LocalContainerEntityManagerFactoryBean - Initialized JPA EntityManagerFactory for persistence unit 'default'
2025-10-30 11:16:07 [restartedMain] [WARN] o.s.b.a.o.j.JpaBaseConfiguration$JpaWebConfiguration - spring.jpa.open-in-view is enabled by default. Therefore, database queries may be performed during view rendering. Explicitly configure spring.jpa.open-in-view to disable this warning
2025-10-30 11:16:07 [restartedMain] [INFO] o.s.s.c.a.a.c.InitializeUserDetailsBeanManagerConfigurer$InitializeUserDetailsManagerConfigurer - Global AuthenticationManager configured with UserDetailsService bean with name userDetailsService
2025-10-30 11:16:07 [restartedMain] [INFO] o.s.b.d.a.OptionalLiveReloadServer - LiveReload server is running on port 35729
2025-10-30 11:16:07 [restartedMain] [INFO] o.s.b.w.e.tomcat.TomcatWebServer - Tomcat started on port 8080 (http) with context path '/'
2025-10-30 11:16:07 [restartedMain] [INFO] com.example.demo.DemoApplication - Started DemoApplication in 0.78 seconds (process running for 8252.879)
2025-10-30 11:16:07 [restartedMain] [INFO] o.s.b.d.a.ConditionEvaluationDeltaLoggingListener - Condition evaluation unchanged
2025-10-30 11:16:12 [http-nio-8080-exec-3] [INFO] o.a.c.c.C.[Tomcat-1].[localhost].[/] - Initializing Spring DispatcherServlet 'dispatcherServlet'
2025-10-30 11:16:12 [http-nio-8080-exec-3] [INFO] o.s.web.servlet.DispatcherServlet - Initializing Servlet 'dispatcherServlet'
2025-10-30 11:16:12 [http-nio-8080-exec-3] [INFO] o.s.web.servlet.DispatcherServlet - Completed initialization in 3 ms
2025-10-30 11:16:12 [http-nio-8080-exec-3] [WARN] o.t.s.p.AbstractStandardFragmentInsertionTagProcessor - [THYMELEAF][http-nio-8080-exec-3][Admin/addproduct] Deprecated unwrapped fragment expression "Admin/header :: Header" found in template Admin/addproduct, line 13, col 10. Please use the complete syntax of fragment expressions instead ("~{Admin/header :: Header}"). The old, unwrapped syntax for fragment expressions will be removed in future versions of Thymeleaf.
2025-10-30 11:16:12 [http-nio-8080-exec-3] [WARN] o.t.s.p.AbstractStandardFragmentInsertionTagProcessor - [THYMELEAF][http-nio-8080-exec-3][Admin/addproduct] Deprecated unwrapped fragment expression "Admin/sidebar :: sideBar" found in template Admin/addproduct, line 14, col 10. Please use the complete syntax of fragment expressions instead ("~{Admin/sidebar :: sideBar}"). The old, unwrapped syntax for fragment expressions will be removed in future versions of Thymeleaf.
2025-10-30 11:16:12 [http-nio-8080-exec-3] [WARN] o.t.s.p.AbstractStandardFragmentInsertionTagProcessor - [THYMELEAF][http-nio-8080-exec-3][Admin/addproduct] Deprecated unwrapped fragment expression "Admin/footer :: Footer" found in template Admin/addproduct, line 189, col 10. Please use the complete syntax of fragment expressions instead ("~{Admin/footer :: Footer}"). The old, unwrapped syntax for fragment expressions will be removed in future versions of Thymeleaf.
2025-10-30 11:16:27 [http-nio-8080-exec-2] [WARN] o.s.w.s.m.s.DefaultHandlerExceptionResolver - Resolved [org.springframework.web.multipart.MaxUploadSizeExceededException: Maximum upload size exceeded]
2025-10-30 11:16:35 [http-nio-8080-exec-6] [WARN] o.t.s.p.AbstractStandardFragmentInsertionTagProcessor - [THYMELEAF][http-nio-8080-exec-6][Admin/addproduct] Deprecated unwrapped fragment expression "Admin/header :: Header" found in template Admin/addproduct, line 13, col 10. Please use the complete syntax of fragment expressions instead ("~{Admin/header :: Header}"). The old, unwrapped syntax for fragment expressions will be removed in future versions of Thymeleaf.
2025-10-30 11:16:35 [http-nio-8080-exec-6] [WARN] o.t.s.p.AbstractStandardFragmentInsertionTagProcessor - [THYMELEAF][http-nio-8080-exec-6][Admin/addproduct] Deprecated unwrapped fragment expression "Admin/sidebar :: sideBar" found in template Admin/addproduct, line 14, col 10. Please use the complete syntax of fragment expressions instead ("~{Admin/sidebar :: sideBar}"). The old, unwrapped syntax for fragment expressions will be removed in future versions of Thymeleaf.
2025-10-30 11:16:35 [http-nio-8080-exec-6] [WARN] o.t.s.p.AbstractStandardFragmentInsertionTagProcessor - [THYMELEAF][http-nio-8080-exec-6][Admin/addproduct] Deprecated unwrapped fragment expression "Admin/footer :: Footer" found in template Admin/addproduct, line 189, col 10. Please use the complete syntax of fragment expressions instead ("~{Admin/footer :: Footer}"). The old, unwrapped syntax for fragment expressions will be removed in future versions of Thymeleaf.
2025-10-30 11:16:37 [http-nio-8080-exec-1] [WARN] o.s.w.s.m.s.DefaultHandlerExceptionResolver - Resolved [org.springframework.web.bind.MissingServletRequestParameterException: Required request parameter 'providerId' for method parameter type Integer[] is not present]
2025-10-30 11:16:43 [http-nio-8080-exec-9] [WARN] o.t.s.p.AbstractStandardFragmentInsertionTagProcessor - [THYMELEAF][http-nio-8080-exec-9][Admin/addproduct] Deprecated unwrapped fragment expression "Admin/header :: Header" found in template Admin/addproduct, line 13, col 10. Please use the complete syntax of fragment expressions instead ("~{Admin/header :: Header}"). The old, unwrapped syntax for fragment expressions will be removed in future versions of Thymeleaf.
2025-10-30 11:16:43 [http-nio-8080-exec-9] [WARN] o.t.s.p.AbstractStandardFragmentInsertionTagProcessor - [THYMELEAF][http-nio-8080-exec-9][Admin/addproduct] Deprecated unwrapped fragment expression "Admin/sidebar :: sideBar" found in template Admin/addproduct, line 14, col 10. Please use the complete syntax of fragment expressions instead ("~{Admin/sidebar :: sideBar}"). The old, unwrapped syntax for fragment expressions will be removed in future versions of Thymeleaf.
2025-10-30 11:16:43 [http-nio-8080-exec-9] [WARN] o.t.s.p.AbstractStandardFragmentInsertionTagProcessor - [THYMELEAF][http-nio-8080-exec-9][Admin/addproduct] Deprecated unwrapped fragment expression "Admin/footer :: Footer" found in template Admin/addproduct, line 189, col 10. Please use the complete syntax of fragment expressions instead ("~{Admin/footer :: Footer}"). The old, unwrapped syntax for fragment expressions will be removed in future versions of Thymeleaf.
2025-10-30 11:20:03 [restartedMain] [INFO] com.example.demo.DemoApplication - Starting DemoApplication using Java 21.0.8 with PID 7240 (C:\VsCode\.vscode\java\demo\target\classes started by ASUS in C:\VsCode\.vscode\java\demo)
2025-10-30 11:20:03 [restartedMain] [DEBUG] com.example.demo.DemoApplication - Running with Spring Boot v3.5.7, Spring v6.2.12
2025-10-30 11:20:03 [restartedMain] [INFO] com.example.demo.DemoApplication - No active profile set, falling back to 1 default profile: "default"
2025-10-30 11:20:03 [restartedMain] [INFO] o.s.b.d.e.DevToolsPropertyDefaultsPostProcessor - Devtools property defaults active! Set 'spring.devtools.add-properties' to 'false' to disable
2025-10-30 11:20:03 [restartedMain] [INFO] o.s.b.d.e.DevToolsPropertyDefaultsPostProcessor - For additional web related logging consider setting the 'logging.level.web' property to 'DEBUG'
2025-10-30 11:20:04 [restartedMain] [INFO] o.s.d.r.c.RepositoryConfigurationDelegate - Bootstrapping Spring Data JPA repositories in DEFAULT mode.
2025-10-30 11:20:04 [restartedMain] [INFO] o.s.d.r.c.RepositoryConfigurationDelegate - Finished Spring Data repository scanning in 61 ms. Found 5 JPA repository interfaces.
2025-10-30 11:20:05 [restartedMain] [INFO] o.s.b.w.e.tomcat.TomcatWebServer - Tomcat initialized with port 8080 (http)
2025-10-30 11:20:05 [restartedMain] [INFO] o.a.catalina.core.StandardService - Starting service [Tomcat]
2025-10-30 11:20:05 [restartedMain] [INFO] o.a.catalina.core.StandardEngine - Starting Servlet engine: [Apache Tomcat/10.1.48]
2025-10-30 11:20:05 [restartedMain] [INFO] o.a.c.c.C.[Tomcat].[localhost].[/] - Initializing Spring embedded WebApplicationContext
2025-10-30 11:20:05 [restartedMain] [INFO] o.s.b.w.s.c.ServletWebServerApplicationContext - Root WebApplicationContext: initialization completed in 2161 ms
2025-10-30 11:20:05 [restartedMain] [INFO] o.h.jpa.internal.util.LogHelper - HHH000204: Processing PersistenceUnitInfo [name: default]
2025-10-30 11:20:05 [restartedMain] [INFO] org.hibernate.Version - HHH000412: Hibernate ORM core version 6.6.33.Final
2025-10-30 11:20:05 [restartedMain] [INFO] o.h.c.i.RegionFactoryInitiator - HHH000026: Second-level cache disabled
2025-10-30 11:20:06 [restartedMain] [INFO] o.s.o.j.p.SpringPersistenceUnitInfo - No LoadTimeWeaver setup: ignoring JPA class transformer
2025-10-30 11:20:06 [restartedMain] [INFO] com.zaxxer.hikari.HikariDataSource - HikariPool-1 - Starting...
2025-10-30 11:20:06 [restartedMain] [INFO] com.zaxxer.hikari.pool.HikariPool - HikariPool-1 - Added connection com.mysql.cj.jdbc.ConnectionImpl@5603b0d
2025-10-30 11:20:06 [restartedMain] [INFO] com.zaxxer.hikari.HikariDataSource - HikariPool-1 - Start completed.
2025-10-30 11:20:06 [restartedMain] [WARN] org.hibernate.dialect.Dialect - HHH000511: The 5.5.5 version for [org.hibernate.dialect.MySQLDialect] is no longer supported, hence certain features may not work properly. The minimum supported version is 8.0.0. Check the community dialects project for available legacy versions.
2025-10-30 11:20:06 [restartedMain] [INFO] o.hibernate.orm.connections.pooling - HHH10001005: Database info:
	Database JDBC URL [Connecting through datasource 'HikariDataSource (HikariPool-1)']
	Database driver: undefined/unknown
	Database version: 5.5.5
	Autocommit mode: undefined/unknown
	Isolation level: undefined/unknown
	Minimum pool size: undefined/unknown
	Maximum pool size: undefined/unknown
2025-10-30 11:20:07 [restartedMain] [INFO] o.h.e.t.j.p.i.JtaPlatformInitiator - HHH000489: No JTA platform available (set 'hibernate.transaction.jta.platform' to enable JTA platform integration)
2025-10-30 11:20:08 [restartedMain] [INFO] o.s.o.j.LocalContainerEntityManagerFactoryBean - Initialized JPA EntityManagerFactory for persistence unit 'default'
2025-10-30 11:20:08 [restartedMain] [INFO] o.s.d.j.r.query.QueryEnhancerFactory - Hibernate is in classpath; If applicable, HQL parser will be used.
2025-10-30 11:20:09 [restartedMain] [WARN] o.s.b.a.o.j.JpaBaseConfiguration$JpaWebConfiguration - spring.jpa.open-in-view is enabled by default. Therefore, database queries may be performed during view rendering. Explicitly configure spring.jpa.open-in-view to disable this warning
2025-10-30 11:20:09 [restartedMain] [INFO] o.s.s.c.a.a.c.InitializeUserDetailsBeanManagerConfigurer$InitializeUserDetailsManagerConfigurer - Global AuthenticationManager configured with UserDetailsService bean with name userDetailsService
2025-10-30 11:20:09 [restartedMain] [INFO] o.s.b.d.a.OptionalLiveReloadServer - LiveReload server is running on port 35729
2025-10-30 11:20:10 [restartedMain] [INFO] o.s.b.w.e.tomcat.TomcatWebServer - Tomcat started on port 8080 (http) with context path '/'
2025-10-30 11:20:10 [restartedMain] [INFO] com.example.demo.DemoApplication - Started DemoApplication in 7.424 seconds (process running for 8.516)
2025-10-30 11:20:15 [http-nio-8080-exec-2] [INFO] o.a.c.c.C.[Tomcat].[localhost].[/] - Initializing Spring DispatcherServlet 'dispatcherServlet'
2025-10-30 11:20:15 [http-nio-8080-exec-2] [INFO] o.s.web.servlet.DispatcherServlet - Initializing Servlet 'dispatcherServlet'
2025-10-30 11:20:15 [http-nio-8080-exec-2] [INFO] o.s.web.servlet.DispatcherServlet - Completed initialization in 0 ms
2025-10-30 11:20:26 [http-nio-8080-exec-6] [WARN] o.t.s.p.AbstractStandardFragmentInsertionTagProcessor - [THYMELEAF][http-nio-8080-exec-6][Admin/home] Deprecated unwrapped fragment expression "Admin/header::Header" found in template Admin/home, line 89, col 8. Please use the complete syntax of fragment expressions instead ("~{Admin/header::Header}"). The old, unwrapped syntax for fragment expressions will be removed in future versions of Thymeleaf.
2025-10-30 11:20:26 [http-nio-8080-exec-6] [WARN] o.t.s.p.AbstractStandardFragmentInsertionTagProcessor - [THYMELEAF][http-nio-8080-exec-6][Admin/home] Deprecated unwrapped fragment expression "Admin/sidebar::sideBar" found in template Admin/home, line 90, col 8. Please use the complete syntax of fragment expressions instead ("~{Admin/sidebar::sideBar}"). The old, unwrapped syntax for fragment expressions will be removed in future versions of Thymeleaf.
2025-10-30 11:20:26 [http-nio-8080-exec-6] [WARN] o.t.s.p.AbstractStandardFragmentInsertionTagProcessor - [THYMELEAF][http-nio-8080-exec-6][Admin/home] Deprecated unwrapped fragment expression "Admin/footer::Footer" found in template Admin/home, line 129, col 8. Please use the complete syntax of fragment expressions instead ("~{Admin/footer::Footer}"). The old, unwrapped syntax for fragment expressions will be removed in future versions of Thymeleaf.
2025-10-30 11:20:28 [http-nio-8080-exec-8] [WARN] o.t.s.p.AbstractStandardFragmentInsertionTagProcessor - [THYMELEAF][http-nio-8080-exec-8][Admin/addproduct] Deprecated unwrapped fragment expression "Admin/header :: Header" found in template Admin/addproduct, line 11, col 10. Please use the complete syntax of fragment expressions instead ("~{Admin/header :: Header}"). The old, unwrapped syntax for fragment expressions will be removed in future versions of Thymeleaf.
2025-10-30 11:20:28 [http-nio-8080-exec-8] [WARN] o.t.s.p.AbstractStandardFragmentInsertionTagProcessor - [THYMELEAF][http-nio-8080-exec-8][Admin/addproduct] Deprecated unwrapped fragment expression "Admin/sidebar :: sideBar" found in template Admin/addproduct, line 12, col 10. Please use the complete syntax of fragment expressions instead ("~{Admin/sidebar :: sideBar}"). The old, unwrapped syntax for fragment expressions will be removed in future versions of Thymeleaf.
2025-10-30 11:20:28 [http-nio-8080-exec-8] [WARN] o.t.s.p.AbstractStandardFragmentInsertionTagProcessor - [THYMELEAF][http-nio-8080-exec-8][Admin/addproduct] Deprecated unwrapped fragment expression "Admin/footer :: Footer" found in template Admin/addproduct, line 394, col 10. Please use the complete syntax of fragment expressions instead ("~{Admin/footer :: Footer}"). The old, unwrapped syntax for fragment expressions will be removed in future versions of Thymeleaf.
2025-10-30 11:21:01 [http-nio-8080-exec-6] [WARN] o.t.s.p.AbstractStandardFragmentInsertionTagProcessor - [THYMELEAF][http-nio-8080-exec-6][Admin/addproduct] Deprecated unwrapped fragment expression "Admin/header :: Header" found in template Admin/addproduct, line 11, col 10. Please use the complete syntax of fragment expressions instead ("~{Admin/header :: Header}"). The old, unwrapped syntax for fragment expressions will be removed in future versions of Thymeleaf.
2025-10-30 11:21:01 [http-nio-8080-exec-6] [WARN] o.t.s.p.AbstractStandardFragmentInsertionTagProcessor - [THYMELEAF][http-nio-8080-exec-6][Admin/addproduct] Deprecated unwrapped fragment expression "Admin/sidebar :: sideBar" found in template Admin/addproduct, line 12, col 10. Please use the complete syntax of fragment expressions instead ("~{Admin/sidebar :: sideBar}"). The old, unwrapped syntax for fragment expressions will be removed in future versions of Thymeleaf.
2025-10-30 11:21:01 [http-nio-8080-exec-6] [WARN] o.t.s.p.AbstractStandardFragmentInsertionTagProcessor - [THYMELEAF][http-nio-8080-exec-6][Admin/addproduct] Deprecated unwrapped fragment expression "Admin/footer :: Footer" found in template Admin/addproduct, line 394, col 10. Please use the complete syntax of fragment expressions instead ("~{Admin/footer :: Footer}"). The old, unwrapped syntax for fragment expressions will be removed in future versions of Thymeleaf.
2025-10-30 11:22:27 [http-nio-8080-exec-4] [WARN] o.t.s.p.AbstractStandardFragmentInsertionTagProcessor - [THYMELEAF][http-nio-8080-exec-4][Admin/addproduct] Deprecated unwrapped fragment expression "Admin/header :: Header" found in template Admin/addproduct, line 11, col 10. Please use the complete syntax of fragment expressions instead ("~{Admin/header :: Header}"). The old, unwrapped syntax for fragment expressions will be removed in future versions of Thymeleaf.
2025-10-30 11:22:27 [http-nio-8080-exec-4] [WARN] o.t.s.p.AbstractStandardFragmentInsertionTagProcessor - [THYMELEAF][http-nio-8080-exec-4][Admin/addproduct] Deprecated unwrapped fragment expression "Admin/sidebar :: sideBar" found in template Admin/addproduct, line 12, col 10. Please use the complete syntax of fragment expressions instead ("~{Admin/sidebar :: sideBar}"). The old, unwrapped syntax for fragment expressions will be removed in future versions of Thymeleaf.
2025-10-30 11:22:27 [http-nio-8080-exec-4] [WARN] o.t.s.p.AbstractStandardFragmentInsertionTagProcessor - [THYMELEAF][http-nio-8080-exec-4][Admin/addproduct] Deprecated unwrapped fragment expression "Admin/footer :: Footer" found in template Admin/addproduct, line 394, col 10. Please use the complete syntax of fragment expressions instead ("~{Admin/footer :: Footer}"). The old, unwrapped syntax for fragment expressions will be removed in future versions of Thymeleaf.
2025-10-30 11:23:09 [http-nio-8080-exec-2] [WARN] o.s.w.s.m.s.DefaultHandlerExceptionResolver - Resolved [org.springframework.web.multipart.MaxUploadSizeExceededException: Maximum upload size exceeded]
2025-10-30 11:23:10 [http-nio-8080-exec-3] [WARN] o.s.w.s.m.s.DefaultHandlerExceptionResolver - Resolved [org.springframework.web.multipart.MaxUploadSizeExceededException: Maximum upload size exceeded]
2025-10-30 11:23:11 [http-nio-8080-exec-7] [WARN] o.s.w.s.m.s.DefaultHandlerExceptionResolver - Resolved [org.springframework.web.multipart.MaxUploadSizeExceededException: Maximum upload size exceeded]
2025-10-30 11:23:24 [http-nio-8080-exec-4] [WARN] o.s.w.s.m.s.DefaultHandlerExceptionResolver - Resolved [org.springframework.web.multipart.MaxUploadSizeExceededException: Maximum upload size exceeded]
2025-10-30 11:23:25 [http-nio-8080-exec-9] [WARN] o.s.w.s.m.s.DefaultHandlerExceptionResolver - Resolved [org.springframework.web.multipart.MaxUploadSizeExceededException: Maximum upload size exceeded]
2025-10-30 11:23:26 [http-nio-8080-exec-5] [WARN] o.s.w.s.m.s.DefaultHandlerExceptionResolver - Resolved [org.springframework.web.multipart.MaxUploadSizeExceededException: Maximum upload size exceeded]
2025-10-30 11:24:06 [http-nio-8080-exec-6] [WARN] o.t.s.p.AbstractStandardFragmentInsertionTagProcessor - [THYMELEAF][http-nio-8080-exec-6][Admin/addproduct] Deprecated unwrapped fragment expression "Admin/header :: Header" found in template Admin/addproduct, line 11, col 10. Please use the complete syntax of fragment expressions instead ("~{Admin/header :: Header}"). The old, unwrapped syntax for fragment expressions will be removed in future versions of Thymeleaf.
2025-10-30 11:24:06 [http-nio-8080-exec-6] [WARN] o.t.s.p.AbstractStandardFragmentInsertionTagProcessor - [THYMELEAF][http-nio-8080-exec-6][Admin/addproduct] Deprecated unwrapped fragment expression "Admin/sidebar :: sideBar" found in template Admin/addproduct, line 12, col 10. Please use the complete syntax of fragment expressions instead ("~{Admin/sidebar :: sideBar}"). The old, unwrapped syntax for fragment expressions will be removed in future versions of Thymeleaf.
2025-10-30 11:24:06 [http-nio-8080-exec-6] [WARN] o.t.s.p.AbstractStandardFragmentInsertionTagProcessor - [THYMELEAF][http-nio-8080-exec-6][Admin/addproduct] Deprecated unwrapped fragment expression "Admin/footer :: Footer" found in template Admin/addproduct, line 394, col 10. Please use the complete syntax of fragment expressions instead ("~{Admin/footer :: Footer}"). The old, unwrapped syntax for fragment expressions will be removed in future versions of Thymeleaf.
2025-10-30 11:24:12 [http-nio-8080-exec-4] [WARN] o.s.w.s.m.s.DefaultHandlerExceptionResolver - Resolved [org.springframework.web.multipart.MaxUploadSizeExceededException: Maximum upload size exceeded]
2025-10-30 11:24:23 [http-nio-8080-exec-5] [WARN] o.t.s.p.AbstractStandardFragmentInsertionTagProcessor - [THYMELEAF][http-nio-8080-exec-5][Admin/addproduct] Deprecated unwrapped fragment expression "Admin/header :: Header" found in template Admin/addproduct, line 11, col 10. Please use the complete syntax of fragment expressions instead ("~{Admin/header :: Header}"). The old, unwrapped syntax for fragment expressions will be removed in future versions of Thymeleaf.
2025-10-30 11:24:23 [http-nio-8080-exec-5] [WARN] o.t.s.p.AbstractStandardFragmentInsertionTagProcessor - [THYMELEAF][http-nio-8080-exec-5][Admin/addproduct] Deprecated unwrapped fragment expression "Admin/sidebar :: sideBar" found in template Admin/addproduct, line 12, col 10. Please use the complete syntax of fragment expressions instead ("~{Admin/sidebar :: sideBar}"). The old, unwrapped syntax for fragment expressions will be removed in future versions of Thymeleaf.
2025-10-30 11:24:23 [http-nio-8080-exec-5] [WARN] o.t.s.p.AbstractStandardFragmentInsertionTagProcessor - [THYMELEAF][http-nio-8080-exec-5][Admin/addproduct] Deprecated unwrapped fragment expression "Admin/footer :: Footer" found in template Admin/addproduct, line 394, col 10. Please use the complete syntax of fragment expressions instead ("~{Admin/footer :: Footer}"). The old, unwrapped syntax for fragment expressions will be removed in future versions of Thymeleaf.
2025-10-30 11:24:58 [http-nio-8080-exec-7] [WARN] o.t.s.p.AbstractStandardFragmentInsertionTagProcessor - [THYMELEAF][http-nio-8080-exec-7][Admin/addproduct] Deprecated unwrapped fragment expression "Admin/header :: Header" found in template Admin/addproduct, line 11, col 10. Please use the complete syntax of fragment expressions instead ("~{Admin/header :: Header}"). The old, unwrapped syntax for fragment expressions will be removed in future versions of Thymeleaf.
2025-10-30 11:24:58 [http-nio-8080-exec-7] [WARN] o.t.s.p.AbstractStandardFragmentInsertionTagProcessor - [THYMELEAF][http-nio-8080-exec-7][Admin/addproduct] Deprecated unwrapped fragment expression "Admin/sidebar :: sideBar" found in template Admin/addproduct, line 12, col 10. Please use the complete syntax of fragment expressions instead ("~{Admin/sidebar :: sideBar}"). The old, unwrapped syntax for fragment expressions will be removed in future versions of Thymeleaf.
2025-10-30 11:24:58 [http-nio-8080-exec-7] [WARN] o.t.s.p.AbstractStandardFragmentInsertionTagProcessor - [THYMELEAF][http-nio-8080-exec-7][Admin/addproduct] Deprecated unwrapped fragment expression "Admin/footer :: Footer" found in template Admin/addproduct, line 394, col 10. Please use the complete syntax of fragment expressions instead ("~{Admin/footer :: Footer}"). The old, unwrapped syntax for fragment expressions will be removed in future versions of Thymeleaf.
